-------------------------------------------------------------------
         SDDP.jl (c) Oscar Dowson and contributors, 2017-26
-------------------------------------------------------------------
problem
  nodes           : 2
  state variables : 1
  scenarios       : 1.00000e+02
  existing cuts   : false
options
  solver          : serial mode
  risk measure    : SDDP.Expectation()
  sampling scheme : SDDP.InSampleMonteCarlo
subproblem structure
  VariableRef                                  : [4, 4]
  JuMP.AffExpr in MOI.EqualTo{Float64}         : [1, 1]
  JuMP.AffExpr in MOI.LessThan{Float64}        : [1, 1]
  JuMP.VariableRef in MOI.GreaterThan{Float64} : [2, 3]
  JuMP.VariableRef in MOI.LessThan{Float64}    : [1, 1]
numerical stability report
  matrix range     [1e+00, 1e+00]
  objective range  [1e-01, 5e+00]
  bounds range     [2e+02, 1e+03]
  rhs range        [0e+00, 0e+00]
-------------------------------------------------------------------
 iteration    simulation      bound        time (s)     solves  pid
-------------------------------------------------------------------
         1   0.000000e+00  7.122021e+02  5.634000e+00       103   1
         2   4.626689e+02  5.963005e+02  6.768000e+00       406   1
         3   5.232301e+02  5.673322e+02  6.808000e+00       509   1
         4   5.870675e+02  5.649783e+02  6.816000e+00       612   1
         5   6.173915e+02  5.637319e+02  6.823000e+00       715   1
         6   6.066465e+02  5.631915e+02  6.832000e+00       818   1
         7   6.117933e+02  5.631526e+02  6.842000e+00       921   1
         8   5.432964e+02  5.631344e+02  6.854000e+00      1024   1
         9   6.077210e+02  5.631318e+02  6.865000e+00      1127   1
        10   6.075324e+02  5.631318e+02  7.110000e+00      1230   1
        11   6.075324e+02  5.631318e+02  7.116000e+00      1333   1
        12   5.242449e+02  5.631318e+02  7.122000e+00      1436   1
        13   5.332731e+02  5.631318e+02  7.130000e+00      1539   1
        14   5.837581e+02  5.631318e+02  7.140000e+00      1642   1
        15   5.926372e+02  5.631318e+02  7.151000e+00      1745   1
        16   5.261369e+02  5.631318e+02  7.161000e+00      1848   1
        17   6.075324e+02  5.631318e+02  7.172000e+00      1951   1
        18   6.075324e+02  5.631318e+02  7.182000e+00      2054   1
        19   6.075324e+02  5.631318e+02  7.194000e+00      2157   1
        20   6.075324e+02  5.631318e+02  7.204000e+00      2260   1
        21   5.541032e+02  5.631318e+02  7.964000e+00      2563   1
        22   6.075324e+02  5.631318e+02  7.970000e+00      2666   1
        23   5.548252e+02  5.631318e+02  7.974000e+00      2769   1
        24   5.537131e+02  5.631318e+02  7.979000e+00      2872   1
        25   6.075324e+02  5.631318e+02  7.984000e+00      2975   1
        26   5.341475e+02  5.631318e+02  7.989000e+00      3078   1
        27   6.075324e+02  5.631318e+02  7.994000e+00      3181   1
        28   5.949385e+02  5.631318e+02  7.999000e+00      3284   1
        29   5.813317e+02  5.631318e+02  8.004000e+00      3387   1
        30   5.943662e+02  5.631318e+02  8.009000e+00      3490   1
        31   5.859751e+02  5.631318e+02  8.014000e+00      3593   1
        32   6.075324e+02  5.631318e+02  8.019000e+00      3696   1
        33   4.043342e+02  5.631318e+02  8.025000e+00      3799   1
        34   4.722672e+02  5.631318e+02  8.030000e+00      3902   1
        35   5.295147e+02  5.631318e+02  8.035000e+00      4005   1
        36   5.320767e+02  5.631318e+02  8.039000e+00      4108   1
        37   5.949385e+02  5.631318e+02  8.044000e+00      4211   1
        38   6.075324e+02  5.631318e+02  8.050000e+00      4314   1
        39   6.075324e+02  5.631318e+02  8.055000e+00      4417   1
        40   6.075324e+02  5.631318e+02  8.062000e+00      4520   1
-------------------------------------------------------------------
status         : simulation_stopping
total time (s) : 8.062000e+00
total solves   : 4520
best bound     :  5.631318e+02
simulation ci  :  5.576079e+02 ± 3.173381e+01
numeric issues : 0
-------------------------------------------------------------------

-------------------------------------------------------------------
         SDDP.jl (c) Oscar Dowson and contributors, 2017-26
-------------------------------------------------------------------
problem
  nodes           : 2
  state variables : 1
  scenarios       : 1.00000e+02
  existing cuts   : false
options
  solver          : serial mode
  risk measure    : SDDP.Expectation()
  sampling scheme : SDDP.InSampleMonteCarlo
subproblem structure
  VariableRef                                  : [4, 4]
  JuMP.AffExpr in MOI.EqualTo{Float64}         : [1, 1]
  JuMP.AffExpr in MOI.LessThan{Float64}        : [1, 1]
  JuMP.VariableRef in MOI.GreaterThan{Float64} : [2, 3]
  JuMP.VariableRef in MOI.LessThan{Float64}    : [1, 1]
numerical stability report
  matrix range     [1e+00, 1e+00]
  objective range  [1e-01, 5e+00]
  bounds range     [2e+02, 1e+03]
  rhs range        [0e+00, 0e+00]
-------------------------------------------------------------------
 iteration    simulation      bound        time (s)     solves  pid
-------------------------------------------------------------------
         1   0.000000e+00  7.122021e+02  1.499987e-02       103   1
         2   5.469868e+02  5.963005e+02  4.399991e-02       406   1
         3   5.147480e+02  5.673322e+02  5.399990e-02       509   1
         4   6.370188e+02  5.649783e+02  6.399989e-02       612   1
         5   6.173915e+02  5.637319e+02  7.199979e-02       715   1
         6   5.496928e+02  5.631915e+02  7.799983e-02       818   1
         7   5.595379e+02  5.631526e+02  8.299994e-02       921   1
         8   4.889217e+02  5.631344e+02  8.799982e-02      1024   1
         9   6.077210e+02  5.631318e+02  9.399986e-02      1127   1
        10   6.075324e+02  5.631318e+02  9.899998e-02      1230   1
        11   6.075324e+02  5.631318e+02  1.039999e-01      1333   1
        12   5.726960e+02  5.631318e+02  1.090000e-01      1436   1
        13   6.075324e+02  5.631318e+02  1.139998e-01      1539   1
        14   5.541032e+02  5.631318e+02  1.199999e-01      1642   1
        15   6.075324e+02  5.631318e+02  1.250000e-01      1745   1
        16   4.318135e+02  5.631318e+02  1.299999e-01      1848   1
        17   6.075324e+02  5.631318e+02  1.350000e-01      1951   1
        18   6.075324e+02  5.631318e+02  1.399999e-01      2054   1
        19   5.687295e+02  5.631318e+02  1.450000e-01      2157   1
        20   6.075324e+02  5.631318e+02  1.510000e-01      2260   1
        21   6.075324e+02  5.631318e+02  1.689999e-01      2563   1
        22   5.926372e+02  5.631318e+02  1.739998e-01      2666   1
        23   5.083152e+02  5.631318e+02  1.789999e-01      2769   1
        24   5.153678e+02  5.631318e+02  1.849999e-01      2872   1
        25   5.443362e+02  5.631318e+02  1.899998e-01      2975   1
        26   6.075324e+02  5.631318e+02  1.949999e-01      3078   1
        27   5.068857e+02  5.631318e+02  1.999998e-01      3181   1
        28   5.068857e+02  5.631318e+02  2.049999e-01      3284   1
        29   6.075324e+02  5.631318e+02  2.099998e-01      3387   1
        30   5.374249e+02  5.631318e+02  2.149999e-01      3490   1
        31   6.075324e+02  5.631318e+02  2.210000e-01      3593   1
        32   6.075324e+02  5.631318e+02  2.259998e-01      3696   1
        33   5.573865e+02  5.631318e+02  2.309999e-01      3799   1
        34   5.443362e+02  5.631318e+02  2.370000e-01      3902   1
        35   6.075324e+02  5.631318e+02  2.419999e-01      4005   1
        36   6.075324e+02  5.631318e+02  2.470000e-01      4108   1
        37   4.621721e+02  5.631318e+02  2.519999e-01      4211   1
        38   6.075324e+02  5.631318e+02  2.579999e-01      4314   1
        39   5.443362e+02  5.631318e+02  2.639999e-01      4417   1
        40   6.075324e+02  5.631318e+02  2.689998e-01      4520   1
-------------------------------------------------------------------
status         : simulation_stopping
total time (s) : 2.689998e-01
total solves   : 4520
best bound     :  5.631318e+02
simulation ci  :  5.547491e+02 ± 3.163608e+01
numeric issues : 0
-------------------------------------------------------------------

-------------------------------------------------------------------
         SDDP.jl (c) Oscar Dowson and contributors, 2017-26
-------------------------------------------------------------------
problem
  nodes           : 2
  state variables : 1
  scenarios       : 1.00000e+02
  existing cuts   : false
options
  solver          : serial mode
  risk measure    : SDDP.Expectation()
  sampling scheme : SDDP.InSampleMonteCarlo
subproblem structure
  VariableRef                                  : [4, 4]
  JuMP.AffExpr in MOI.EqualTo{Float64}         : [1, 1]
  JuMP.AffExpr in MOI.LessThan{Float64}        : [1, 1]
  JuMP.VariableRef in MOI.GreaterThan{Float64} : [2, 3]
  JuMP.VariableRef in MOI.LessThan{Float64}    : [1, 1]
numerical stability report
  matrix range     [1e+00, 1e+00]
  objective range  [1e-01, 5e+00]
  bounds range     [2e+02, 1e+03]
  rhs range        [0e+00, 0e+00]
-------------------------------------------------------------------
 iteration    simulation      bound        time (s)     solves  pid
-------------------------------------------------------------------
         1   0.000000e+00  7.122021e+02  1.900005e-02       103   1
         2   4.350464e+02  5.963005e+02  6.200004e-02       406   1
         3   5.963005e+02  5.673322e+02  7.200003e-02       509   1
         4   3.832281e+02  5.649783e+02  7.999992e-02       612   1
         5   6.173915e+02  5.637319e+02  8.599997e-02       715   1
         6   6.066465e+02  5.631915e+02  9.100008e-02       818   1
         7   6.117933e+02  5.631526e+02  9.599996e-02       921   1
         8   6.090177e+02  5.631344e+02  1.010001e-01      1024   1
         9   4.875095e+02  5.631318e+02  1.059999e-01      1127   1
        10   4.420791e+02  5.631318e+02  1.110001e-01      1230   1
        11   4.722672e+02  5.631318e+02  1.159999e-01      1333   1
        12   5.443362e+02  5.631318e+02  1.210001e-01      1436   1
        13   6.075324e+02  5.631318e+02  1.250000e-01      1539   1
        14   6.075324e+02  5.631318e+02  1.299999e-01      1642   1
        15   6.075324e+02  5.631318e+02  1.359999e-01      1745   1
        16   5.341475e+02  5.631318e+02  1.410000e-01      1848   1
        17   6.075324e+02  5.631318e+02  1.459999e-01      1951   1
        18   6.075324e+02  5.631318e+02  1.510000e-01      2054   1
        19   6.075324e+02  5.631318e+02  1.559999e-01      2157   1
        20   5.942605e+02  5.631318e+02  1.610000e-01      2260   1
        21   6.075324e+02  5.631318e+02  1.800001e-01      2563   1
        22   6.075324e+02  5.631318e+02  1.849999e-01      2666   1
        23   6.075324e+02  5.631318e+02  1.889999e-01      2769   1
        24   6.075324e+02  5.631318e+02  1.940000e-01      2872   1
        25   6.075324e+02  5.631318e+02  2.149999e-01      2975   1
        26   6.075324e+02  5.631318e+02  2.240000e-01      3078   1
        27   5.341475e+02  5.631318e+02  2.340000e-01      3181   1
        28   6.075324e+02  5.631318e+02  2.449999e-01      3284   1
        29   4.540478e+02  5.631318e+02  2.539999e-01      3387   1
        30   5.541032e+02  5.631318e+02  2.649999e-01      3490   1
        31   5.740284e+02  5.631318e+02  2.739999e-01      3593   1
        32   5.359378e+02  5.631318e+02  2.830000e-01      3696   1
        33   5.726960e+02  5.631318e+02  2.969999e-01      3799   1
        34   5.859751e+02  5.631318e+02  3.099999e-01      3902   1
        35   6.075324e+02  5.631318e+02  3.180001e-01      4005   1
        36   5.833392e+02  5.631318e+02  3.280001e-01      4108   1
        37   4.923083e+02  5.631318e+02  3.360000e-01      4211   1
        38   5.548486e+02  5.631318e+02  3.460000e-01      4314   1
        39   6.075324e+02  5.631318e+02  3.559999e-01      4417   1
        40   5.726960e+02  5.631318e+02  3.680000e-01      4520   1
-------------------------------------------------------------------
status         : simulation_stopping
total time (s) : 3.680000e-01
total solves   : 4520
best bound     :  5.631318e+02
simulation ci  :  5.515284e+02 ± 3.333159e+01
numeric issues : 0
-------------------------------------------------------------------

-------------------------------------------------------------------
         SDDP.jl (c) Oscar Dowson and contributors, 2017-26
-------------------------------------------------------------------
problem
  nodes           : 2
  state variables : 1
  scenarios       : 1.00000e+02
  existing cuts   : false
options
  solver          : serial mode
  risk measure    : SDDP.Expectation()
  sampling scheme : SDDP.InSampleMonteCarlo
subproblem structure
  VariableRef                                  : [4, 4]
  JuMP.AffExpr in MOI.EqualTo{Float64}         : [1, 1]
  JuMP.AffExpr in MOI.LessThan{Float64}        : [1, 1]
  JuMP.VariableRef in MOI.GreaterThan{Float64} : [2, 3]
  JuMP.VariableRef in MOI.LessThan{Float64}    : [1, 1]
numerical stability report
  matrix range     [1e+00, 1e+00]
  objective range  [1e-01, 5e+00]
  bounds range     [2e+02, 1e+03]
  rhs range        [0e+00, 0e+00]
-------------------------------------------------------------------
 iteration    simulation      bound        time (s)     solves  pid
-------------------------------------------------------------------
         1   0.000000e+00  7.122021e+02  2.300000e-02       103   1
         2   5.349047e+02  5.963005e+02  6.800008e-02       406   1
         3   5.963005e+02  5.673322e+02  8.000016e-02       509   1
         4   6.185951e+02  5.649783e+02  9.500003e-02       612   1
         5   6.173915e+02  5.637319e+02  1.010001e-01       715   1
         6   5.347676e+02  5.631915e+02  1.220000e-01       818   1
         7   4.074645e+02  5.631526e+02  1.260002e-01       921   1
         8   6.090177e+02  5.631344e+02  1.440001e-01      1024   1
         9   6.077210e+02  5.631318e+02  1.520002e-01      1127   1
        10   4.169795e+02  5.631318e+02  1.620002e-01      1230   1
        11   4.354366e+02  5.631318e+02  1.750000e-01      1333   1
        12   5.341475e+02  5.631318e+02  1.890001e-01      1436   1
        13   5.359378e+02  5.631318e+02  1.990001e-01      1539   1
        14   5.410255e+02  5.631318e+02  2.100000e-01      1642   1
        15   6.075324e+02  5.631318e+02  2.180002e-01      1745   1
        16   4.420791e+02  5.631318e+02  2.270000e-01      1848   1
        17   5.859751e+02  5.631318e+02  2.350001e-01      1951   1
        18   6.075324e+02  5.631318e+02  2.440000e-01      2054   1
        19   5.808473e+02  5.631318e+02  2.520001e-01      2157   1
        20   6.075324e+02  5.631318e+02  2.600000e-01      2260   1
        21   6.075324e+02  5.631318e+02  3.030000e-01      2563   1
        22   5.374249e+02  5.631318e+02  3.120000e-01      2666   1
        23   6.075324e+02  5.631318e+02  3.140001e-01      2769   1
        24   5.837581e+02  5.631318e+02  3.230000e-01      2872   1
        25   4.540478e+02  5.631318e+02  3.320000e-01      2975   1
        26   5.740284e+02  5.631318e+02  3.410001e-01      3078   1
        27   6.075324e+02  5.631318e+02  3.550000e-01      3181   1
        28   6.075324e+02  5.631318e+02  3.620000e-01      3284   1
        29   4.043342e+02  5.631318e+02  3.710001e-01      3387   1
        30   6.075324e+02  5.631318e+02  3.790002e-01      3490   1
        31   5.740284e+02  5.631318e+02  3.870001e-01      3593   1
        32   6.075324e+02  5.631318e+02  3.950000e-01      3696   1
        33   6.075324e+02  5.631318e+02  4.050000e-01      3799   1
        34   5.573865e+02  5.631318e+02  4.220002e-01      3902   1
        35   5.410255e+02  5.631318e+02  4.300001e-01      4005   1
        36   5.687295e+02  5.631318e+02  4.440000e-01      4108   1
        37   4.672505e+02  5.631318e+02  4.450002e-01      4211   1
        38   6.075324e+02  5.631318e+02  4.560001e-01      4314   1
        39   6.075324e+02  5.631318e+02  4.640000e-01      4417   1
        40   5.374249e+02  5.631318e+02  4.720001e-01      4520   1
-------------------------------------------------------------------
status         : simulation_stopping
total time (s) : 4.720001e-01
total solves   : 4520
best bound     :  5.631318e+02
simulation ci  :  5.422105e+02 ± 3.381683e+01
numeric issues : 0
-------------------------------------------------------------------

-------------------------------------------------------------------
         SDDP.jl (c) Oscar Dowson and contributors, 2017-25
-------------------------------------------------------------------
problem
  nodes           : 2
  state variables : 1
  scenarios       : 1.00000e+02
  existing cuts   : false
options
  solver          : serial mode
  risk measure    : SDDP.Expectation()
  sampling scheme : SDDP.InSampleMonteCarlo
subproblem structure
  VariableRef                                  : [4, 4]
  JuMP.AffExpr in MOI.EqualTo{Float64}         : [1, 1]
  JuMP.AffExpr in MOI.LessThan{Float64}        : [1, 1]
  JuMP.VariableRef in MOI.GreaterThan{Float64} : [2, 3]
  JuMP.VariableRef in MOI.LessThan{Float64}    : [1, 1]
numerical stability report
  matrix range     [1e+00, 1e+00]
  objective range  [1e-01, 5e+00]
  bounds range     [2e+02, 1e+03]
  rhs range        [0e+00, 0e+00]
-------------------------------------------------------------------
 iteration    simulation      bound        time (s)     solves  pid
-------------------------------------------------------------------
         1   0.000000e+00  7.332268e+02  2.291991e+00       103   1
         2   4.609791e+02  6.099977e+02  2.695986e+00       406   1
         3   5.799356e+02  5.749525e+02  2.708989e+00       509   1
         4   5.340413e+02  5.721562e+02  2.713777e+00       612   1
         5   6.219793e+02  5.710167e+02  2.718686e+00       715   1
         6   4.192985e+02  5.705652e+02  2.723815e+00       818   1
         7   6.143752e+02  5.704907e+02  2.728874e+00       921   1
         8   4.685692e+02  5.704636e+02  2.733892e+00      1024   1
         9   4.950554e+02  5.704616e+02  2.739748e+00      1127   1
        10   5.671228e+02  5.704616e+02  2.744620e+00      1230   1
        11   4.519707e+02  5.704616e+02  2.830299e+00      1333   1
        12   5.499795e+02  5.704616e+02  2.835374e+00      1436   1
        13   5.593316e+02  5.704616e+02  2.840549e+00      1539   1
        14   5.708906e+02  5.704616e+02  2.845484e+00      1642   1
        15   5.925936e+02  5.704616e+02  2.850535e+00      1745   1
        16   4.587656e+02  5.704616e+02  2.855258e+00      1848   1
        17   6.175466e+02  5.704616e+02  2.860346e+00      1951   1
        18   5.391822e+02  5.704616e+02  2.865080e+00      2054   1
        19   6.175466e+02  5.704616e+02  2.870111e+00      2157   1
        20   6.175466e+02  5.704616e+02  2.875138e+00      2260   1
        21   6.175466e+02  5.704616e+02  3.092058e+00      2563   1
        22   5.737428e+02  5.704616e+02  3.104097e+00      2666   1
        23   6.175466e+02  5.704616e+02  3.108831e+00      2769   1
        24   6.175466e+02  5.704616e+02  3.113560e+00      2872   1
        25   5.186699e+02  5.704616e+02  3.118355e+00      2975   1
        26   6.129036e+02  5.704616e+02  3.123051e+00      3078   1
        27   6.175466e+02  5.704616e+02  3.127822e+00      3181   1
        28   5.503715e+02  5.704616e+02  3.132559e+00      3284   1
        29   6.175466e+02  5.704616e+02  3.137201e+00      3387   1
        30   4.981118e+02  5.704616e+02  3.142317e+00      3490   1
        31   6.175466e+02  5.704616e+02  3.147230e+00      3593   1
        32   6.152912e+02  5.704616e+02  3.152063e+00      3696   1
        33   4.600322e+02  5.704616e+02  3.156879e+00      3799   1
        34   5.632458e+02  5.704616e+02  3.161700e+00      3902   1
        35   6.175466e+02  5.704616e+02  3.166462e+00      4005   1
        36   6.175466e+02  5.704616e+02  3.171262e+00      4108   1
        37   6.175466e+02  5.704616e+02  3.181968e+00      4211   1
        38   4.756989e+02  5.704616e+02  3.186775e+00      4314   1
        39   6.175466e+02  5.704616e+02  3.192014e+00      4417   1
        40   6.129036e+02  5.704616e+02  3.196936e+00      4520   1
-------------------------------------------------------------------
status         : simulation_stopping
total time (s) : 3.196936e+00
total solves   : 4520
best bound     :  5.704616e+02
simulation ci  :  5.498287e+02 ± 3.357736e+01
numeric issues : 0
-------------------------------------------------------------------

-------------------------------------------------------------------
         SDDP.jl (c) Oscar Dowson and contributors, 2017-25
-------------------------------------------------------------------
problem
  nodes           : 2
  state variables : 1
  scenarios       : 1.00000e+02
  existing cuts   : false
options
  solver          : serial mode
  risk measure    : SDDP.Expectation()
  sampling scheme : SDDP.InSampleMonteCarlo
subproblem structure
  VariableRef                                  : [4, 4]
  JuMP.AffExpr in MOI.EqualTo{Float64}         : [1, 1]
  JuMP.AffExpr in MOI.LessThan{Float64}        : [1, 1]
  JuMP.VariableRef in MOI.GreaterThan{Float64} : [2, 3]
  JuMP.VariableRef in MOI.LessThan{Float64}    : [1, 1]
numerical stability report
  matrix range     [1e+00, 1e+00]
  objective range  [1e-01, 5e+00]
  bounds range     [2e+02, 1e+03]
  rhs range        [0e+00, 0e+00]
-------------------------------------------------------------------
 iteration    simulation      bound        time (s)     solves  pid
-------------------------------------------------------------------
         1   0.000000e+00  7.332268e+02  9.765863e-03       103   1
         2   6.188240e+02  6.099977e+02  5.138183e-02       406   1
         3   4.265147e+02  5.749525e+02  5.705786e-02       509   1
         4   5.427765e+02  5.721562e+02  6.252789e-02       612   1
         5   6.318174e+02  5.710167e+02  6.779385e-02       715   1
         6   4.581001e+02  5.705652e+02  7.355094e-02       818   1
         7   6.157464e+02  5.704907e+02  7.904601e-02       921   1
         8   6.177593e+02  5.704636e+02  8.431482e-02      1024   1
         9   4.238550e+02  5.704616e+02  8.994198e-02      1127   1
        10   6.175466e+02  5.704616e+02  9.507799e-02      1230   1
        11   4.945910e+02  5.704616e+02  1.006889e-01      1333   1
        12   4.519707e+02  5.704616e+02  1.115968e-01      1436   1
        13   6.175466e+02  5.704616e+02  1.171160e-01      1539   1
        14   5.366859e+02  5.704616e+02  1.225979e-01      1642   1
        15   6.175466e+02  5.704616e+02  1.280088e-01      1745   1
        16   6.109845e+02  5.704616e+02  1.333089e-01      1848   1
        17   6.131150e+02  5.704616e+02  1.392319e-01      1951   1
        18   4.619133e+02  5.704616e+02  1.442549e-01      2054   1
        19   6.072538e+02  5.704616e+02  1.494110e-01      2157   1
        20   6.175466e+02  5.704616e+02  1.546059e-01      2260   1
        21   4.687181e+02  5.704616e+02  1.780570e-01      2563   1
        22   6.175466e+02  5.704616e+02  1.861999e-01      2666   1
        23   6.175466e+02  5.704616e+02  1.916330e-01      2769   1
        24   5.011735e+02  5.704616e+02  1.966369e-01      2872   1
        25   5.597550e+02  5.704616e+02  2.015729e-01      2975   1
        26   5.965024e+02  5.704616e+02  2.067320e-01      3078   1
        27   5.344867e+02  5.704616e+02  2.116749e-01      3181   1
        28   5.597550e+02  5.704616e+02  2.165930e-01      3284   1
        29   5.935664e+02  5.704616e+02  2.218258e-01      3387   1
        30   5.011735e+02  5.704616e+02  2.268860e-01      3490   1
        31   6.175466e+02  5.704616e+02  2.318418e-01      3593   1
        32   4.619133e+02  5.704616e+02  2.367959e-01      3696   1
        33   5.507246e+02  5.704616e+02  2.456510e-01      3799   1
        34   5.594473e+02  5.704616e+02  2.505779e-01      3902   1
        35   6.175466e+02  5.704616e+02  2.559049e-01      4005   1
        36   5.671228e+02  5.704616e+02  2.609508e-01      4108   1
        37   6.175466e+02  5.704616e+02  2.658138e-01      4211   1
        38   4.212306e+02  5.704616e+02  2.711349e-01      4314   1
        39   4.981118e+02  5.704616e+02  2.760160e-01      4417   1
        40   5.597550e+02  5.704616e+02  2.808650e-01      4520   1
-------------------------------------------------------------------
status         : simulation_stopping
total time (s) : 2.808650e-01
total solves   : 4520
best bound     :  5.704616e+02
simulation ci  :  5.400816e+02 ± 3.418696e+01
numeric issues : 0
-------------------------------------------------------------------

-------------------------------------------------------------------
         SDDP.jl (c) Oscar Dowson and contributors, 2017-25
-------------------------------------------------------------------
problem
  nodes           : 2
  state variables : 1
  scenarios       : 1.00000e+02
  existing cuts   : false
options
  solver          : serial mode
  risk measure    : SDDP.Expectation()
  sampling scheme : SDDP.InSampleMonteCarlo
subproblem structure
  VariableRef                                  : [4, 4]
  JuMP.AffExpr in MOI.EqualTo{Float64}         : [1, 1]
  JuMP.AffExpr in MOI.LessThan{Float64}        : [1, 1]
  JuMP.VariableRef in MOI.GreaterThan{Float64} : [2, 3]
  JuMP.VariableRef in MOI.LessThan{Float64}    : [1, 1]
numerical stability report
  matrix range     [1e+00, 1e+00]
  objective range  [1e-01, 5e+00]
  bounds range     [2e+02, 1e+03]
  rhs range        [0e+00, 0e+00]
-------------------------------------------------------------------
 iteration    simulation      bound        time (s)     solves  pid
-------------------------------------------------------------------
         1   0.000000e+00  7.332268e+02  6.843090e-03       103   1
         2   5.376307e+02  6.099977e+02  2.243805e-02       406   1
         3   6.099977e+02  5.749525e+02  2.801514e-02       509   1
         4   6.350987e+02  5.721562e+02  3.311014e-02       612   1
         5   4.962492e+02  5.710167e+02  3.829002e-02       715   1
         6   5.043067e+02  5.705652e+02  4.341793e-02       818   1
         7   6.085139e+02  5.704907e+02  5.516195e-02       921   1
         8   5.185210e+02  5.704636e+02  6.041312e-02      1024   1
         9   5.978695e+02  5.704616e+02  6.549907e-02      1127   1
        10   4.732416e+02  5.704616e+02  7.065010e-02      1230   1
        11   4.756989e+02  5.704616e+02  7.614803e-02      1333   1
        12   5.986726e+02  5.704616e+02  8.106208e-02      1436   1
        13   6.175466e+02  5.704616e+02  8.645415e-02      1539   1
        14   5.391822e+02  5.704616e+02  9.151101e-02      1642   1
        15   6.175466e+02  5.704616e+02  9.687114e-02      1745   1
        16   6.175466e+02  5.704616e+02  1.019461e-01      1848   1
        17   5.965024e+02  5.704616e+02  1.074731e-01      1951   1
        18   4.981118e+02  5.704616e+02  1.180651e-01      2054   1
        19   6.175466e+02  5.704616e+02  1.234171e-01      2157   1
        20   5.616727e+02  5.704616e+02  1.284540e-01      2260   1
        21   6.175466e+02  5.704616e+02  1.534979e-01      2563   1
        22   6.175466e+02  5.704616e+02  1.586120e-01      2666   1
        23   6.175466e+02  5.704616e+02  1.636322e-01      2769   1
        24   5.725376e+02  5.704616e+02  1.685832e-01      2872   1
        25   5.419552e+02  5.704616e+02  1.735940e-01      2975   1
        26   4.208759e+02  5.704616e+02  1.785250e-01      3078   1
        27   5.734746e+02  5.704616e+02  1.835260e-01      3181   1
        28   5.638023e+02  5.704616e+02  1.884260e-01      3284   1
        29   5.708906e+02  5.704616e+02  1.971672e-01      3387   1
        30   6.175466e+02  5.704616e+02  2.021379e-01      3490   1
        31   6.175466e+02  5.704616e+02  2.072861e-01      3593   1
        32   6.175466e+02  5.704616e+02  2.121542e-01      3696   1
        33   5.597550e+02  5.704616e+02  2.171659e-01      3799   1
        34   6.129036e+02  5.704616e+02  2.219791e-01      3902   1
        35   6.109845e+02  5.704616e+02  2.271659e-01      4005   1
        36   6.175466e+02  5.704616e+02  2.320461e-01      4108   1
        37   5.475963e+02  5.704616e+02  2.369452e-01      4211   1
        38   5.671228e+02  5.704616e+02  2.420781e-01      4314   1
        39   5.507246e+02  5.704616e+02  2.469251e-01      4417   1
        40   5.167800e+02  5.704616e+02  2.556441e-01      4520   1
-------------------------------------------------------------------
status         : simulation_stopping
total time (s) : 2.556441e-01
total solves   : 4520
best bound     :  5.704616e+02
simulation ci  :  5.563421e+02 ± 3.216953e+01
numeric issues : 0
-------------------------------------------------------------------

-------------------------------------------------------------------
         SDDP.jl (c) Oscar Dowson and contributors, 2017-25
-------------------------------------------------------------------
problem
  nodes           : 2
  state variables : 1
  scenarios       : 1.00000e+02
  existing cuts   : false
options
  solver          : serial mode
  risk measure    : SDDP.Expectation()
  sampling scheme : SDDP.InSampleMonteCarlo
subproblem structure
  VariableRef                                  : [4, 4]
  JuMP.AffExpr in MOI.EqualTo{Float64}         : [1, 1]
  JuMP.AffExpr in MOI.LessThan{Float64}        : [1, 1]
  JuMP.VariableRef in MOI.GreaterThan{Float64} : [2, 3]
  JuMP.VariableRef in MOI.LessThan{Float64}    : [1, 1]
numerical stability report
  matrix range     [1e+00, 1e+00]
  objective range  [1e-01, 5e+00]
  bounds range     [2e+02, 1e+03]
  rhs range        [0e+00, 0e+00]
-------------------------------------------------------------------
 iteration    simulation      bound        time (s)     solves  pid
-------------------------------------------------------------------
         1   0.000000e+00  7.332268e+02  6.754875e-03       103   1
         2   6.525560e+02  6.099977e+02  2.279997e-02       406   1
         3   6.099977e+02  5.749525e+02  3.506589e-02       509   1
         4   5.334847e+02  5.721562e+02  4.049206e-02       612   1
         5   5.783598e+02  5.710167e+02  4.558992e-02       715   1
         6   6.203066e+02  5.705652e+02  5.081201e-02       818   1
         7   6.011957e+02  5.704907e+02  5.624795e-02       921   1
         8   5.630968e+02  5.704636e+02  6.151891e-02      1024   1
         9   5.396465e+02  5.704616e+02  6.660295e-02      1127   1
        10   5.167800e+02  5.704616e+02  7.171202e-02      1230   1
        11   5.597550e+02  5.704616e+02  7.707095e-02      1333   1
        12   6.175466e+02  5.704616e+02  8.212399e-02      1436   1
        13   5.119021e+02  5.704616e+02  8.755398e-02      1539   1
        14   6.175466e+02  5.704616e+02  9.890795e-02      1642   1
        15   4.519707e+02  5.704616e+02  1.044099e-01      1745   1
        16   4.212306e+02  5.704616e+02  1.094580e-01      1848   1
        17   5.638023e+02  5.704616e+02  1.149659e-01      1951   1
        18   5.344867e+02  5.704616e+02  1.199620e-01      2054   1
        19   5.243120e+02  5.704616e+02  1.253250e-01      2157   1
        20   6.152912e+02  5.704616e+02  1.304419e-01      2260   1
        21   4.687181e+02  5.704616e+02  1.549850e-01      2563   1
        22   6.175466e+02  5.704616e+02  1.599569e-01      2666   1
        23   5.632458e+02  5.704616e+02  1.649349e-01      2769   1
        24   6.175466e+02  5.704616e+02  1.697268e-01      2872   1
        25   5.708906e+02  5.704616e+02  1.784151e-01      2975   1
        26   6.175466e+02  5.704616e+02  1.834509e-01      3078   1
        27   6.175466e+02  5.704616e+02  1.881919e-01      3181   1
        28   6.175466e+02  5.704616e+02  1.932030e-01      3284   1
        29   6.175466e+02  5.704616e+02  1.981969e-01      3387   1
        30   6.175466e+02  5.704616e+02  2.029359e-01      3490   1
        31   5.243120e+02  5.704616e+02  2.077539e-01      3593   1
        32   5.475963e+02  5.704616e+02  2.126720e-01      3696   1
        33   6.109845e+02  5.704616e+02  2.176509e-01      3799   1
        34   6.072538e+02  5.704616e+02  2.224250e-01      3902   1
        35   4.233907e+02  5.704616e+02  2.312000e-01      4005   1
        36   6.175466e+02  5.704616e+02  2.360179e-01      4108   1
        37   5.671228e+02  5.704616e+02  2.409561e-01      4211   1
        38   6.175466e+02  5.704616e+02  2.458639e-01      4314   1
        39   5.974051e+02  5.704616e+02  2.509270e-01      4417   1
        40   5.616727e+02  5.704616e+02  2.558479e-01      4520   1
-------------------------------------------------------------------
status         : simulation_stopping
total time (s) : 2.558479e-01
total solves   : 4520
best bound     :  5.704616e+02
simulation ci  :  5.558445e+02 ± 3.299703e+01
numeric issues : 0
-------------------------------------------------------------------

-------------------------------------------------------------------
         SDDP.jl (c) Oscar Dowson and contributors, 2017-25
-------------------------------------------------------------------
problem
  nodes           : 2
  state variables : 1
  scenarios       : 1.00000e+02
  existing cuts   : false
options
  solver          : serial mode
  risk measure    : SDDP.Expectation()
  sampling scheme : SDDP.InSampleMonteCarlo
subproblem structure
  VariableRef                                  : [4, 4]
  JuMP.AffExpr in MOI.EqualTo{Float64}         : [1, 1]
  JuMP.AffExpr in MOI.LessThan{Float64}        : [1, 1]
  JuMP.VariableRef in MOI.GreaterThan{Float64} : [2, 3]
  JuMP.VariableRef in MOI.LessThan{Float64}    : [1, 1]
numerical stability report
  matrix range     [1e+00, 1e+00]
  objective range  [1e-01, 5e+00]
  bounds range     [2e+02, 1e+03]
  rhs range        [0e+00, 0e+00]
-------------------------------------------------------------------
 iteration    simulation      bound        time (s)     solves  pid
-------------------------------------------------------------------
         1   0.000000e+00  7.332268e+02  6.846905e-03       103   1
         2   6.654017e+02  6.099977e+02  2.258301e-02       406   1
         3   6.099977e+02  5.749525e+02  2.812600e-02       509   1
         4   6.600623e+02  5.721562e+02  3.315401e-02       612   1
         5   5.892377e+02  5.710167e+02  4.504681e-02       715   1
         6   6.203066e+02  5.705652e+02  5.031586e-02       818   1
         7   5.977625e+02  5.704907e+02  5.553102e-02       921   1
         8   5.904007e+02  5.704636e+02  6.067896e-02      1024   1
         9   5.289497e+02  5.704616e+02  6.595492e-02      1127   1
        10   5.935664e+02  5.704616e+02  7.100487e-02      1230   1
        11   5.746514e+02  5.704616e+02  7.622600e-02      1333   1
        12   6.175466e+02  5.704616e+02  8.110499e-02      1436   1
        13   6.175466e+02  5.704616e+02  8.656597e-02      1539   1
        14   4.945910e+02  5.704616e+02  9.137201e-02      1642   1
        15   6.175466e+02  5.704616e+02  9.692502e-02      1745   1
        16   5.999356e+02  5.704616e+02  1.075690e-01      1848   1
        17   5.632458e+02  5.704616e+02  1.132140e-01      1951   1
        18   5.167800e+02  5.704616e+02  1.183579e-01      2054   1
        19   6.175466e+02  5.704616e+02  1.235459e-01      2157   1
        20   5.725376e+02  5.704616e+02  1.284800e-01      2260   1
        21   5.594473e+02  5.704616e+02  1.541178e-01      2563   1
        22   6.175466e+02  5.704616e+02  1.590488e-01      2666   1
        23   6.175466e+02  5.704616e+02  1.639829e-01      2769   1
        24   5.503715e+02  5.704616e+02  1.691608e-01      2872   1
        25   6.175466e+02  5.704616e+02  1.739838e-01      2975   1
        26   5.243120e+02  5.704616e+02  1.826348e-01      3078   1
        27   6.175466e+02  5.704616e+02  1.876018e-01      3181   1
        28   6.175466e+02  5.704616e+02  1.925590e-01      3284   1
        29   6.175466e+02  5.704616e+02  1.975150e-01      3387   1
        30   6.175466e+02  5.704616e+02  2.024519e-01      3490   1
        31   6.175466e+02  5.704616e+02  2.072630e-01      3593   1
        32   6.175466e+02  5.704616e+02  2.121489e-01      3696   1
        33   6.175466e+02  5.704616e+02  2.169950e-01      3799   1
        34   4.208759e+02  5.704616e+02  2.220590e-01      3902   1
        35   5.507246e+02  5.704616e+02  2.269628e-01      4005   1
        36   6.175466e+02  5.704616e+02  2.319498e-01      4108   1
        37   6.152912e+02  5.704616e+02  2.407069e-01      4211   1
        38   6.175466e+02  5.704616e+02  2.455668e-01      4314   1
        39   6.175466e+02  5.704616e+02  2.504439e-01      4417   1
        40   6.175466e+02  5.704616e+02  2.567458e-01      4520   1
-------------------------------------------------------------------
status         : simulation_stopping
total time (s) : 2.567458e-01
total solves   : 4520
best bound     :  5.704616e+02
simulation ci  :  5.778572e+02 ± 3.235093e+01
numeric issues : 0
-------------------------------------------------------------------

